<?xml version="1.0" encoding="UTF-8"?>
<testng-results ignored="0" total="5" passed="5" failed="0" skipped="0">
  <reporter-output>
  </reporter-output>
  <suite started-at="2025-07-11T05:32:42 UTC" name="Default suite" finished-at="2025-07-11T05:32:43 UTC" duration-ms="1423">
    <groups>
    </groups>
    <test started-at="2025-07-11T05:32:42 UTC" name="Default test" finished-at="2025-07-11T05:32:43 UTC" duration-ms="1423">
      <class name="testcase.LoginTestExcel">
        <test-method signature="loginTest(java.lang.String,java.lang.String)[pri:0, instance:testcase.LoginTestExcel@41e36e46]" started-at="2025-07-11T05:32:43 UTC" name="loginTest" data-provider="excelData" finished-at="2025-07-11T05:32:43 UTC" duration-ms="24" status="PASS">
          <params>
            <param index="0">
              <value>
                <![CDATA[student]]>
              </value>
            </param>
            <param index="1">
              <value>
                <![CDATA[Password123]]>
              </value>
            </param>
          </params>
          <reporter-output>
          </reporter-output>
        </test-method> <!-- loginTest -->
        <test-method signature="loginTest(java.lang.String,java.lang.String)[pri:0, instance:testcase.LoginTestExcel@41e36e46]" started-at="2025-07-11T05:32:43 UTC" name="loginTest" data-provider="excelData" finished-at="2025-07-11T05:32:43 UTC" duration-ms="8" status="PASS">
          <params>
            <param index="0">
              <value>
                <![CDATA[stud]]>
              </value>
            </param>
            <param index="1">
              <value>
                <![CDATA[pass]]>
              </value>
            </param>
          </params>
          <reporter-output>
          </reporter-output>
        </test-method> <!-- loginTest -->
        <test-method signature="loginTest(java.lang.String,java.lang.String)[pri:0, instance:testcase.LoginTestExcel@41e36e46]" started-at="2025-07-11T05:32:43 UTC" name="loginTest" data-provider="excelData" finished-at="2025-07-11T05:32:43 UTC" duration-ms="11" status="PASS">
          <params>
            <param index="0">
              <value>
                <![CDATA[student]]>
              </value>
            </param>
            <param index="1">
              <value>
                <![CDATA[123.0]]>
              </value>
            </param>
          </params>
          <reporter-output>
          </reporter-output>
        </test-method> <!-- loginTest -->
        <test-method signature="loginTest(java.lang.String,java.lang.String)[pri:0, instance:testcase.LoginTestExcel@41e36e46]" started-at="2025-07-11T05:32:43 UTC" name="loginTest" data-provider="excelData" finished-at="2025-07-11T05:32:43 UTC" duration-ms="4" status="PASS">
          <params>
            <param index="0">
              <value>
                <![CDATA[123.0]]>
              </value>
            </param>
            <param index="1">
              <value>
                <![CDATA[stud]]>
              </value>
            </param>
          </params>
          <reporter-output>
          </reporter-output>
        </test-method> <!-- loginTest -->
        <test-method signature="loginTest(java.lang.String,java.lang.String)[pri:0, instance:testcase.LoginTestExcel@41e36e46]" started-at="2025-07-11T05:32:43 UTC" name="loginTest" data-provider="excelData" finished-at="2025-07-11T05:32:43 UTC" duration-ms="8" status="PASS">
          <params>
            <param index="0">
              <value>
                <![CDATA[student123]]>
              </value>
            </param>
            <param index="1">
              <value>
                <![CDATA[12.0]]>
              </value>
            </param>
          </params>
          <reporter-output>
          </reporter-output>
        </test-method> <!-- loginTest -->
      </class> <!-- testcase.LoginTestExcel -->
    </test> <!-- Default test -->
  </suite> <!-- Default suite -->
</testng-results>
