<?xml version="1.0" encoding="UTF-8"?>
<!-- Generated by org.testng.reporters.JUnitXMLReporter -->
<testsuite ignored="0" hostname="EC2AMAZ-1IC0RHB" failures="0" tests="5" name="Default test" time="1.423" errors="0" timestamp="2025-07-11T05:32:43 UTC">
  <testcase classname="testcase.LoginTestExcel" name="loginTest" time="0.024"/>
  <testcase classname="testcase.LoginTestExcel" name="loginTest" time="0.008"/>
  <testcase classname="testcase.LoginTestExcel" name="loginTest" time="0.011"/>
  <testcase classname="testcase.LoginTestExcel" name="loginTest" time="0.004"/>
  <testcase classname="testcase.LoginTestExcel" name="loginTest" time="0.008"/>
</testsuite> <!-- Default test -->
